app/build/outputs/logs/manifest-merger-debug-report.txt
-- Merging decision tree log ---
manifest
ADDED from src/main/AndroidManifest.xml:2:1-94:12
	xmlns:android
		ADDED from src/main/AndroidManifest.xml:2:11-69
	package
		ADDED from src/main/AndroidManifest.xml:3:5-49
		INJECTED from src/main/AndroidManifest.xml
		INJECTED from src/main/AndroidManifest.xml
	android:versionName
		INJECTED from src/main/AndroidManifest.xml
		INJECTED from src/main/AndroidManifest.xml
	android:versionCode
		INJECTED from src/main/AndroidManifest.xml
		INJECTED from src/main/AndroidManifest.xml
uses-permission#android.permission.INTERNET
ADDED from src/main/AndroidManifest.xml:5:5-67
	android:name
		ADDED from src/main/AndroidManifest.xml:5:22-64
uses-permission#android.permission.ACCESS_NETWORK_STATE
ADDED from src/main/AndroidManifest.xml:6:5-79
	android:name
		ADDED from src/main/AndroidManifest.xml:6:22-76
supports-screens
ADDED from src/main/AndroidManifest.xml:8:5-14:40
	android:resizeable
		ADDED from src/main/AndroidManifest.xml:12:9-34
	android:largeScreens
		ADDED from src/main/AndroidManifest.xml:10:9-36
	android:anyDensity
		ADDED from src/main/AndroidManifest.xml:9:9-34
	android:normalScreens
		ADDED from src/main/AndroidManifest.xml:11:9-37
	android:xlargeScreens
		ADDED from src/main/AndroidManifest.xml:14:9-37
	android:smallScreens
		ADDED from src/main/AndroidManifest.xml:13:9-36
application
ADDED from src/main/AndroidManifest.xml:16:5-92:19
MERGED from [com.android.support:appcompat-v7:23.1.1] AndroidManifest.xml:22:5-20
MERGED from [com.android.support:support-v4:23.1.1] AndroidManifest.xml:22:5-20
MERGED from [com.android.support:design:23.1.1] AndroidManifest.xml:22:5-20
MERGED from [com.android.support:appcompat-v7:23.1.1] AndroidManifest.xml:22:5-20
MERGED from [com.android.support:support-v4:23.1.1] AndroidManifest.xml:22:5-20
MERGED from [com.android.support:support-v4:23.1.1] AndroidManifest.xml:22:5-20
MERGED from [com.android.support:support-v4:23.1.1] AndroidManifest.xml:22:5-20
MERGED from [com.android.support:support-v4:23.1.1] AndroidManifest.xml:22:5-20
MERGED from [com.android.support:support-v4:23.1.1] AndroidManifest.xml:22:5-20
MERGED from [com.google.android.gms:play-services-appindexing:8.1.0] AndroidManifest.xml:19:5-20
MERGED from [com.google.android.gms:play-services-basement:8.1.0] AndroidManifest.xml:20:5-24:19
MERGED from [com.android.support:support-v4:23.1.1] AndroidManifest.xml:22:5-20
	android:label
		ADDED from src/main/AndroidManifest.xml:20:9-41
	android:allowBackup
		ADDED from src/main/AndroidManifest.xml:18:9-35
	android:icon
		ADDED from src/main/AndroidManifest.xml:19:9-38
	android:theme
		ADDED from src/main/AndroidManifest.xml:21:9-40
	android:name
		ADDED from src/main/AndroidManifest.xml:17:9-38
activity#com.example.seifmostafa.checktasty.listActivity
ADDED from src/main/AndroidManifest.xml:22:9-26:59
	android:label
		ADDED from src/main/AndroidManifest.xml:24:13-45
	android:resizeable
		ADDED from src/main/AndroidManifest.xml:25:13-38
	android:theme
		ADDED from src/main/AndroidManifest.xml:26:13-56
	android:name
		ADDED from src/main/AndroidManifest.xml:23:13-41
activity#com.example.seifmostafa.checktasty.LoginActivity
ADDED from src/main/AndroidManifest.xml:27:9-37:20
	android:label
		ADDED from src/main/AndroidManifest.xml:29:13-57
	android:resizeable
		ADDED from src/main/AndroidManifest.xml:30:13-38
	android:theme
		ADDED from src/main/AndroidManifest.xml:31:13-56
	android:name
		ADDED from src/main/AndroidManifest.xml:28:13-42
intent-filter#android.intent.action.MAIN+android.intent.category.LAUNCHER
ADDED from src/main/AndroidManifest.xml:32:13-36:29
action#android.intent.action.MAIN
ADDED from src/main/AndroidManifest.xml:33:17-69
	android:name
		ADDED from src/main/AndroidManifest.xml:33:25-66
category#android.intent.category.LAUNCHER
ADDED from src/main/AndroidManifest.xml:35:17-77
	android:name
		ADDED from src/main/AndroidManifest.xml:35:27-74
meta-data#com.parse.APPLICATION_ID
ADDED from src/main/AndroidManifest.xml:39:9-41:72
	android:name
		ADDED from src/main/AndroidManifest.xml:40:13-52
	android:value
		ADDED from src/main/AndroidManifest.xml:41:13-69
meta-data#com.parse.CLIENT_KEY
ADDED from src/main/AndroidManifest.xml:42:9-44:72
	android:name
		ADDED from src/main/AndroidManifest.xml:43:13-48
	android:value
		ADDED from src/main/AndroidManifest.xml:44:13-69
activity#com.example.seifmostafa.checktasty.listplaces
ADDED from src/main/AndroidManifest.xml:46:9-50:59
	android:label
		ADDED from src/main/AndroidManifest.xml:48:13-62
	android:resizeable
		ADDED from src/main/AndroidManifest.xml:49:13-38
	android:theme
		ADDED from src/main/AndroidManifest.xml:50:13-56
	android:name
		ADDED from src/main/AndroidManifest.xml:47:13-39
activity#com.example.seifmostafa.checktasty.Signup
ADDED from src/main/AndroidManifest.xml:51:9-55:59
	android:label
		ADDED from src/main/AndroidManifest.xml:53:13-58
	android:resizeable
		ADDED from src/main/AndroidManifest.xml:54:13-38
	android:theme
		ADDED from src/main/AndroidManifest.xml:55:13-56
	android:name
		ADDED from src/main/AndroidManifest.xml:52:13-35
meta-data#com.google.android.gms.version
ADDED from src/main/AndroidManifest.xml:60:9-62:69
MERGED from [com.google.android.gms:play-services-basement:8.1.0] AndroidManifest.xml:21:9-23:69
	android:name
		ADDED from src/main/AndroidManifest.xml:61:13-58
	android:value
		ADDED from src/main/AndroidManifest.xml:62:13-66
activity#com.example.seifmostafa.checktasty.ForgetpasswordActivity
ADDED from src/main/AndroidManifest.xml:64:9-67:59
	android:label
		ADDED from src/main/AndroidManifest.xml:66:13-66
	android:theme
		ADDED from src/main/AndroidManifest.xml:67:13-56
	android:name
		ADDED from src/main/AndroidManifest.xml:65:13-51
activity#com.example.seifmostafa.checktasty.friendsActivity
ADDED from src/main/AndroidManifest.xml:68:9-71:59
	android:label
		ADDED from src/main/AndroidManifest.xml:70:13-59
	android:theme
		ADDED from src/main/AndroidManifest.xml:71:13-56
	android:name
		ADDED from src/main/AndroidManifest.xml:69:13-44
activity#com.example.seifmostafa.checktasty.CreatingPostActivity
ADDED from src/main/AndroidManifest.xml:72:9-75:59
	android:label
		ADDED from src/main/AndroidManifest.xml:74:13-65
	android:theme
		ADDED from src/main/AndroidManifest.xml:75:13-56
	android:name
		ADDED from src/main/AndroidManifest.xml:73:13-49
activity#com.example.seifmostafa.checktasty.Upgrade
ADDED from src/main/AndroidManifest.xml:76:9-79:59
	android:label
		ADDED from src/main/AndroidManifest.xml:78:13-59
	android:theme
		ADDED from src/main/AndroidManifest.xml:79:13-56
	android:name
		ADDED from src/main/AndroidManifest.xml:77:13-36
activity#com.example.seifmostafa.checktasty.Tastes
ADDED from src/main/AndroidManifest.xml:80:9-83:59
	android:label
		ADDED from src/main/AndroidManifest.xml:82:13-58
	android:theme
		ADDED from src/main/AndroidManifest.xml:83:13-56
	android:name
		ADDED from src/main/AndroidManifest.xml:81:13-35
activity#com.example.seifmostafa.checktasty.Conversations
ADDED from src/main/AndroidManifest.xml:84:9-87:59
	android:label
		ADDED from src/main/AndroidManifest.xml:86:13-65
	android:theme
		ADDED from src/main/AndroidManifest.xml:87:13-56
	android:name
		ADDED from src/main/AndroidManifest.xml:85:13-42
activity#com.example.seifmostafa.checktasty.Notifications
ADDED from src/main/AndroidManifest.xml:88:9-91:68
	android:label
		ADDED from src/main/AndroidManifest.xml:90:13-65
	android:theme
		ADDED from src/main/AndroidManifest.xml:91:13-56
	android:name
		ADDED from src/main/AndroidManifest.xml:89:13-42
uses-sdk
INJECTED from src/main/AndroidManifest.xml reason: use-sdk injection requested
MERGED from [com.android.support:appcompat-v7:23.1.1] AndroidManifest.xml:20:5-43
MERGED from [com.android.support:support-v4:23.1.1] AndroidManifest.xml:20:5-43
MERGED from [com.android.support:design:23.1.1] AndroidManifest.xml:20:5-43
MERGED from [com.android.support:appcompat-v7:23.1.1] AndroidManifest.xml:20:5-43
MERGED from [com.android.support:support-v4:23.1.1] AndroidManifest.xml:20:5-43
MERGED from [com.android.support:recyclerview-v7:23.1.1] AndroidManifest.xml:20:5-43
MERGED from [com.android.support:support-v4:23.1.1] AndroidManifest.xml:20:5-43
MERGED from [com.android.support:support-v4:23.1.1] AndroidManifest.xml:20:5-43
MERGED from [com.android.support:support-v4:23.1.1] AndroidManifest.xml:20:5-43
MERGED from [com.android.support:recyclerview-v7:23.1.1] AndroidManifest.xml:20:5-43
MERGED from [com.android.support:support-v4:23.1.1] AndroidManifest.xml:20:5-43
MERGED from [com.google.android.gms:play-services-appindexing:8.1.0] AndroidManifest.xml:18:5-42
MERGED from [com.google.android.gms:play-services-basement:8.1.0] AndroidManifest.xml:18:5-42
MERGED from [com.android.support:support-v4:23.1.1] AndroidManifest.xml:20:5-43
	android:targetSdkVersion
		INJECTED from src/main/AndroidManifest.xml
		INJECTED from src/main/AndroidManifest.xml
	android:minSdkVersion
		INJECTED from src/main/AndroidManifest.xml
		INJECTED from src/main/AndroidManifest.xml